<?xml version="1.0" encoding="UTF-8"?>
<!-- Generated by org.testng.reporters.JUnitReportReporter -->
<testsuite hostname="DESKTOP-HTURD8O" failures="0" tests="1" name="MyAppium_Project.Appium_BaseClass" time="11.460" errors="0" timestamp="2025-01-08T09:41:55 IST" skipped="0">
  <testcase classname="MyAppium_Project.Appium_BaseClass" name="ConfigureAppium" time="11.460"/>
  <system-out/>
</testsuite> <!-- MyAppium_Project.Appium_BaseClass -->
