<?xml version="1.0" encoding="UTF-8"?>
<!-- Generated by org.testng.reporters.JUnitReportReporter -->
<testsuite hostname="DESKTOP-HTURD8O" failures="0" tests="1" name="MyAppium_Project.Login_Goibigo" time="4.375" errors="0" timestamp="2025-01-28T17:02:48 IST" skipped="0">
  <testcase classname="MyAppium_Project.Login_Goibigo" name="Login_module" time="4.375"/>
  <system-out/>
</testsuite> <!-- MyAppium_Project.Login_Goibigo -->
