<?xml version="1.0" encoding="UTF-8"?>
<!-- Generated by org.testng.reporters.JUnitReportReporter -->
<testsuite hostname="DESKTOP-HTURD8O" failures="0" tests="1" name="MyAppium_Project.FirstTest_Case" time="0.005" errors="0" timestamp="2025-01-08T09:41:21 IST" skipped="0">
  <testcase classname="MyAppium_Project.FirstTest_Case" name="SetAppium" time="0.005"/>
  <system-out/>
</testsuite> <!-- MyAppium_Project.FirstTest_Case -->
